<?xml version="1.0" encoding="UTF-8"?>
<testsuite name="org.apache.servicemix.examples.drools.test.ActivatorTest" time="2.08" tests="1" errors="0" skipped="0" failures="0">
  <properties>
    <property name="java.runtime.name" value="Java(TM) SE Runtime Environment"/>
    <property name="sun.boot.library.path" value="C:\Apps\laragon_java\bin\java\jdk-8u131-windows-x64\jre\bin"/>
    <property name="java.vm.version" value="25.131-b11"/>
    <property name="java.vm.vendor" value="Oracle Corporation"/>
    <property name="maven.multiModuleProjectDirectory" value="C:\Apps\laragon_java\EXA6723"/>
    <property name="java.vendor.url" value="http://java.oracle.com/"/>
    <property name="path.separator" value=";"/>
    <property name="guice.disable.misplaced.annotation.check" value="true"/>
    <property name="java.vm.name" value="Java HotSpot(TM) 64-Bit Server VM"/>
    <property name="file.encoding.pkg" value="sun.io"/>
    <property name="user.script" value=""/>
    <property name="user.country" value="FR"/>
    <property name="sun.java.launcher" value="SUN_STANDARD"/>
    <property name="sun.os.patch.level" value=""/>
    <property name="java.vm.specification.name" value="Java Virtual Machine Specification"/>
    <property name="user.dir" value="C:\Apps\laragon_java\EXA6723"/>
    <property name="java.runtime.version" value="1.8.0_131-b11"/>
    <property name="java.awt.graphicsenv" value="sun.awt.Win32GraphicsEnvironment"/>
    <property name="java.endorsed.dirs" value="C:\Apps\laragon_java\bin\java\jdk-8u131-windows-x64\jre\lib\endorsed"/>
    <property name="os.arch" value="amd64"/>
    <property name="java.io.tmpdir" value="C:\Users\fbaucher\AppData\Local\Temp\"/>
    <property name="line.separator" value="&#10;"/>
    <property name="java.vm.specification.vendor" value="Oracle Corporation"/>
    <property name="user.variant" value=""/>
    <property name="os.name" value="Windows 10"/>
    <property name="classworlds.conf" value="C:\Apps\laragon_java\bin\maven\bin\..\bin\m2.conf"/>
    <property name="sun.jnu.encoding" value="Cp1252"/>
    <property name="java.library.path" value="C:\Apps\laragon_java\bin\java\jdk-8u131-windows-x64\bin;C:\Windows\Sun\Java\bin;C:\Windows\system32;C:\Windows;C:\Users\fbaucher\AppData\Local\Yarn\config\global\node_modules\.bin;C:\Users\fbaucher\AppData\Roaming\npm;C:\Users\fbaucher\AppData\Roaming\Composer\vendor\bin;C:\Apps\laragon_java\bin\java\jdk-8u131-windows-x64\\bin;C:\Apps\laragon_java\bin\maven\bin;C:\Apps\laragon_java\bin\spring\bin;C:\Apps\laragon_java\bin\laragon\utils;C:\Apps\laragon_java\bin\postgresql\postgresql-9.6.2-x64\bin;C:\Apps\laragon_java\bin\notepad++;C:\Apps\laragon_java\bin\telnet;C:\Apps\laragon_java\bin\git\bin;C:\Apps\laragon_java\bin\git\cmd;C:\Apps\laragon_java\bin\git\usr\bin;C:\Apps\laragon_java\bin\git\mingw64\bin;C:\Apps\laragon_java\bin;C:\Apps\laragon_java\usr\bin;C:\Apps\laragon_java\bin\cmder\bin;C:\Apps\laragon_java\bin\cmder\vendor\conemu-maximus5\ConEmu\Scripts;C:\Apps\laragon_java\bin\cmder\vendor\conemu-maximus5;C:\Apps\laragon_java\bin\cmder\vendor\conemu-maximus5\ConEmu;C:\Program Files (x86)\Intel\iCLS Client\;C:\Program Files\Intel\iCLS Client\;C:\Windows\system32;C:\Windows;C:\Windows\System32\Wbem;C:\Windows\System32\WindowsPowerShell\v1.0\;C:\Program Files (x86)\Intel\Intel(R) Management Engine Components\DAL;C:\Program Files\Intel\Intel(R) Management Engine Components\DAL;C:\Program Files (x86)\Intel\Intel(R) Management Engine Components\IPT;C:\Program Files\Intel\Intel(R) Management Engine Components\IPT;C:\Program Files\Intel\WiFi\bin\;C:\Program Files\Common Files\Intel\WirelessCommon\;C:\Program Files\TortoiseGit\bin;C:\ProgramData\chocolatey\bin;C:\Program Files\TortoiseSVN\bin;C:\Program Files\MiKTeX 2.9\miktex\bin\x64\;C:\Program Files (x86)\vim\vim80;C:\Program Files\Git\cmd;C:\Users\fbaucher\AppData\Local\Microsoft\WindowsApps;C:\Users\fbaucher\AppData\Local\GitHubDesktop\bin;C:\Users\fbaucher\AppData\Local\Pandoc\;C:\Program Files\Heroku\bin;C:\Users\fbaucher\AppData\Roaming\npm;C:\WINDOWS\SYSTEM32;C:\Apps\laragon\bin\nodejs\;C:\Apps\laragon\bin;C:\Apps\laragon\bin\apache\httpd-2.4.27-win64-VC14\bin;C:\Apps\laragon\bin\composer;C:\Apps\laragon\bin\git\bin;C:\Apps\laragon\bin\git\cmd;C:\Apps\laragon\bin\git\mingw64\bin;C:\Apps\laragon\bin\git\usr\bin;C:\Apps\laragon\bin\laragon\utils;C:\Apps\laragon\bin\mysql\mysql-5.7.19-winx64\bin;C:\Apps\laragon\bin\nginx\nginx-1.12.0;C:\Apps\laragon\bin\ngrok;C:\Apps\laragon\bin\nodejs\node-v8;C:\Apps\laragon\bin\notepad++;C:\Apps\laragon\bin\php\php-7.1.14-Win32-VC14-x64;C:\Apps\laragon\bin\putty;C:\Apps\laragon\bin\redis\redis-x64-3.2.100;C:\Apps\laragon\bin\telnet;C:\Apps\laragon\bin\yarn\bin;C:\Apps\laragon\usr\bin;C:\Users\fbaucher\AppData\Local\Yarn\config\global\node_modules\.bin;C:\Users\fbaucher\AppData\Roaming\Composer\vendor\bin;C:\Users\fbaucher\AppData\Roaming\npm;C:\tools\ruby25\bin;C:\Program Files (x86)\Intel\iCLS Client\;C:\Program Files\Intel\iCLS Client\;C:\Windows\system32;C:\Windows;C:\Windows\System32\Wbem;C:\Windows\System32\WindowsPowerShell\v1.0\;C:\Program Files (x86)\Intel\Intel(R) Management Engine Components\DAL;C:\Program Files\Intel\Intel(R) Management Engine Components\DAL;C:\Program Files (x86)\Intel\Intel(R) Management Engine Components\IPT;C:\Program Files\Intel\Intel(R) Management Engine Components\IPT;C:\Program Files\Intel\WiFi\bin\;C:\Program Files\Common Files\Intel\WirelessCommon\;C:\Program Files\TortoiseGit\bin;C:\ProgramData\chocolatey\bin;C:\Program Files\TortoiseSVN\bin;C:\Program Files\MiKTeX 2.9\miktex\bin\x64\;C:\Program Files (x86)\vim\vim80;C:\Program Files\Git\cmd;C:\Users\fbaucher\AppData\Local\Microsoft\WindowsApps;C:\Users\fbaucher\AppData\Local\GitHubDesktop\bin;C:\Users\fbaucher\AppData\Local\Pandoc\;C:\Program Files\Heroku\bin;;C:\Program Files\Git\usr\bin;C:\Program Files\Git\usr\share\vim\vim74;C:\Apps\laragon_java\bin\cmder\;;."/>
    <property name="maven.conf" value="C:\Apps\laragon_java\bin\maven\bin\../conf"/>
    <property name="java.specification.name" value="Java Platform API Specification"/>
    <property name="java.class.version" value="52.0"/>
    <property name="sun.management.compiler" value="HotSpot 64-Bit Tiered Compilers"/>
    <property name="os.version" value="10.0"/>
    <property name="library.jansi.path" value="C:\Apps\laragon_java\bin\maven\bin\..\lib\jansi-native\windows64"/>
    <property name="user.home" value="C:\Users\fbaucher"/>
    <property name="user.timezone" value="Europe/Paris"/>
    <property name="java.awt.printerjob" value="sun.awt.windows.WPrinterJob"/>
    <property name="java.specification.version" value="1.8"/>
    <property name="file.encoding" value="Cp1252"/>
    <property name="user.name" value="FBaucher"/>
    <property name="java.class.path" value="C:\Apps\laragon_java\bin\maven\bin\..\boot\plexus-classworlds-2.5.2.jar"/>
    <property name="java.vm.specification.version" value="1.8"/>
    <property name="sun.arch.data.model" value="64"/>
    <property name="java.home" value="C:\Apps\laragon_java\bin\java\jdk-8u131-windows-x64\jre"/>
    <property name="sun.java.command" value="org.codehaus.plexus.classworlds.launcher.Launcher install"/>
    <property name="java.specification.vendor" value="Oracle Corporation"/>
    <property name="user.language" value="fr"/>
    <property name="awt.toolkit" value="sun.awt.windows.WToolkit"/>
    <property name="java.vm.info" value="mixed mode"/>
    <property name="java.version" value="1.8.0_131"/>
    <property name="java.ext.dirs" value="C:\Apps\laragon_java\bin\java\jdk-8u131-windows-x64\jre\lib\ext;C:\Windows\Sun\Java\lib\ext"/>
    <property name="sun.boot.class.path" value="C:\Apps\laragon_java\bin\java\jdk-8u131-windows-x64\jre\lib\resources.jar;C:\Apps\laragon_java\bin\java\jdk-8u131-windows-x64\jre\lib\rt.jar;C:\Apps\laragon_java\bin\java\jdk-8u131-windows-x64\jre\lib\sunrsasign.jar;C:\Apps\laragon_java\bin\java\jdk-8u131-windows-x64\jre\lib\jsse.jar;C:\Apps\laragon_java\bin\java\jdk-8u131-windows-x64\jre\lib\jce.jar;C:\Apps\laragon_java\bin\java\jdk-8u131-windows-x64\jre\lib\charsets.jar;C:\Apps\laragon_java\bin\java\jdk-8u131-windows-x64\jre\lib\jfr.jar;C:\Apps\laragon_java\bin\java\jdk-8u131-windows-x64\jre\classes"/>
    <property name="sun.stderr.encoding" value="cp850"/>
    <property name="java.vendor" value="Oracle Corporation"/>
    <property name="maven.home" value="C:\Apps\laragon_java\bin\maven\bin\.."/>
    <property name="file.separator" value="\"/>
    <property name="java.vendor.url.bug" value="http://bugreport.sun.com/bugreport/"/>
    <property name="sun.cpu.endian" value="little"/>
    <property name="sun.io.unicode.encoding" value="UnicodeLittle"/>
    <property name="sun.stdout.encoding" value="cp850"/>
    <property name="sun.desktop" value="windows"/>
    <property name="sun.cpu.isalist" value="amd64"/>
  </properties>
  <testcase name="test" classname="org.apache.servicemix.examples.drools.test.ActivatorTest" time="2.08"/>
</testsuite>